<?xml version="1.0" encoding="UTF-8"?>
<!-- Generated by org.testng.reporters.JUnitReportReporter -->
<testsuite hostname="Suniita" failures="0" tests="1" name="AutomationUsingTestNGFramework.TestNGAutomation.Alerts" time="7.562" errors="0" timestamp="21 Apr 2025 08:28:27 GMT">
  <testcase classname="AutomationUsingTestNGFramework.TestNGAutomation.Alerts" name="alertpage1" time="7.562"/>
</testsuite> <!-- AutomationUsingTestNGFramework.TestNGAutomation.Alerts -->
