<?xml version="1.0" encoding="UTF-8"?>
<!-- Generated by org.testng.reporters.JUnitReportReporter -->
<testsuite hostname="Suniita" failures="0" tests="1" name="AutomationUsinfTestNGFramework.TestNGAutomation.Alerts" time="15.301" errors="0" timestamp="17 Apr 2025 13:00:31 GMT">
  <testcase classname="AutomationUsinfTestNGFramework.TestNGAutomation.Alerts" name="alertpage1" time="15.301"/>
</testsuite> <!-- AutomationUsinfTestNGFramework.TestNGAutomation.Alerts -->
