<?xml version="1.0" encoding="UTF-8"?>
<!-- Generated by org.testng.reporters.JUnitReportReporter -->
<testsuite hostname="Suniita" failures="0" tests="1" name="AutomationUsingTestNGFramework.TestNGAutomation.AlertsExample2" time="22.555" errors="0" timestamp="21 Apr 2025 11:41:53 GMT">
  <testcase classname="AutomationUsingTestNGFramework.TestNGAutomation.AlertsExample2" name="Alerts2" time="22.555"/>
</testsuite> <!-- AutomationUsingTestNGFramework.TestNGAutomation.AlertsExample2 -->
