<?xml version="1.0" encoding="UTF-8"?>
<!-- Generated by org.testng.reporters.JUnitReportReporter -->
<testsuite hostname="Suniita" failures="0" tests="4" name="AutomationUsingTestNGFramework.TestNGAutomation.MouseMovementDragnDrop" time="7.798" errors="0" timestamp="22 Apr 2025 10:03:09 GMT">
  <testcase classname="AutomationUsingTestNGFramework.TestNGAutomation.MouseMovementDragnDrop" name="dragnDrop" time="0.571"/>
  <testcase classname="AutomationUsingTestNGFramework.TestNGAutomation.MouseMovementDragnDrop" name="mouseMovement" time="3.690"/>
  <testcase classname="AutomationUsingTestNGFramework.TestNGAutomation.MouseMovementDragnDrop" name="mouseRightClick" time="3.372"/>
  <testcase classname="AutomationUsingTestNGFramework.TestNGAutomation.MouseMovementDragnDrop" name="m1" time="0.165"/>
</testsuite> <!-- AutomationUsingTestNGFramework.TestNGAutomation.MouseMovementDragnDrop -->
